<?xml version="1.0" encoding="UTF-8"?>
<!-- Generated by org.testng.reporters.JUnitReportReporter -->
<testsuite hostname="DESKTOP-737KL1T" failures="0" tests="1" name="testpkg.Aryatest" time="188.223" errors="0" timestamp="2024-04-04T09:38:44 IST" skipped="0">
  <testcase classname="testpkg.Aryatest" name="test" time="188.223"/>
</testsuite> <!-- testpkg.Aryatest -->
